2018-10-12 17:06:30 [scrapy.utils.log] INFO: Scrapy 1.5.1 started (bot: doubanbook)
2018-10-12 17:06:30 [scrapy.utils.log] INFO: Versions: lxml 4.2.1.0, libxml2 2.9.8, cssselect 1.0.3, parsel 1.5.0, w3lib 1.19.0, Twisted 17.5.0, Python 2.7.15 |Anaconda, Inc.| (default, May  1 2018, 18:37:09) [MSC v.1500 64 bit (AMD64)], pyOpenSSL 18.0.0 (OpenSSL 1.0.2o  27 Mar 2018), cryptography 2.2.2, Platform Windows-7-6.1.7601-SP1
2018-10-12 17:06:30 [scrapy.crawler] INFO: Overridden settings: {'NEWSPIDER_MODULE': 'doubanbook.spiders', 'ROBOTSTXT_OBEY': True, 'SPIDER_MODULES': ['doubanbook.spiders'], 'LOG_FILE': 'doubanbook.log', 'BOT_NAME': 'doubanbook'}
2018-10-12 17:06:30 [scrapy.middleware] INFO: Enabled extensions:
['scrapy.extensions.logstats.LogStats',
 'scrapy.extensions.telnet.TelnetConsole',
 'scrapy.extensions.corestats.CoreStats']
2018-10-12 17:06:31 [scrapy.middleware] INFO: Enabled downloader middlewares:
['scrapy.downloadermiddlewares.robotstxt.RobotsTxtMiddleware',
 'scrapy.downloadermiddlewares.httpauth.HttpAuthMiddleware',
 'scrapy.downloadermiddlewares.downloadtimeout.DownloadTimeoutMiddleware',
 'scrapy.downloadermiddlewares.defaultheaders.DefaultHeadersMiddleware',
 'doubanbook.middlewares.MyUserAgentMiddleware',
 'scrapy.downloadermiddlewares.useragent.UserAgentMiddleware',
 'scrapy.downloadermiddlewares.retry.RetryMiddleware',
 'scrapy.downloadermiddlewares.redirect.MetaRefreshMiddleware',
 'scrapy.downloadermiddlewares.httpcompression.HttpCompressionMiddleware',
 'scrapy.downloadermiddlewares.redirect.RedirectMiddleware',
 'scrapy.downloadermiddlewares.cookies.CookiesMiddleware',
 'scrapy.downloadermiddlewares.httpproxy.HttpProxyMiddleware',
 'scrapy.downloadermiddlewares.stats.DownloaderStats']
2018-10-12 17:06:31 [scrapy.middleware] INFO: Enabled spider middlewares:
['scrapy.spidermiddlewares.httperror.HttpErrorMiddleware',
 'scrapy.spidermiddlewares.offsite.OffsiteMiddleware',
 'scrapy.spidermiddlewares.referer.RefererMiddleware',
 'scrapy.spidermiddlewares.urllength.UrlLengthMiddleware',
 'scrapy.spidermiddlewares.depth.DepthMiddleware']
2018-10-12 17:06:31 [scrapy.middleware] INFO: Enabled item pipelines:
['doubanbook.pipelines.DoubanbookPipeline']
2018-10-12 17:06:31 [scrapy.core.engine] INFO: Spider opened
2018-10-12 17:06:31 [scrapy.extensions.logstats] INFO: Crawled 0 pages (at 0 pages/min), scraped 0 items (at 0 items/min)
2018-10-12 17:06:31 [scrapy.extensions.telnet] DEBUG: Telnet console listening on 127.0.0.1:6023
2018-10-12 17:06:31 [scrapy.downloadermiddlewares.redirect] DEBUG: Redirecting (302) to <GET https://sec.douban.com/b?r=https%3A%2F%2Fread.douban.com%2Frobots.txt> from <GET https://read.douban.com/robots.txt>
2018-10-12 17:06:31 [scrapy.core.engine] DEBUG: Crawled (403) <GET https://sec.douban.com/b?r=https%3A%2F%2Fread.douban.com%2Frobots.txt> (referer: None)
2018-10-12 17:06:31 [scrapy.downloadermiddlewares.redirect] DEBUG: Redirecting (302) to <GET https://sec.douban.com/b?r=https%3A%2F%2Fread.douban.com%2Fkind%2F1%3Fstart%3D0> from <GET https://read.douban.com/kind/1?start=0>
2018-10-12 17:06:31 [scrapy.core.engine] DEBUG: Crawled (200) <GET https://sec.douban.com/robots.txt> (referer: None)
2018-10-12 17:06:31 [scrapy.core.engine] DEBUG: Crawled (403) <GET https://sec.douban.com/b?r=https%3A%2F%2Fread.douban.com%2Fkind%2F1%3Fstart%3D0> (referer: None)
2018-10-12 17:06:31 [scrapy.spidermiddlewares.httperror] INFO: Ignoring response <403 https://sec.douban.com/b?r=https%3A%2F%2Fread.douban.com%2Fkind%2F1%3Fstart%3D0>: HTTP status code is not handled or not allowed
2018-10-12 17:06:31 [scrapy.core.engine] INFO: Closing spider (finished)
2018-10-12 17:06:31 [scrapy.statscollectors] INFO: Dumping Scrapy stats:
{'downloader/request_bytes': 1624,
 'downloader/request_count': 5,
 'downloader/request_method_count/GET': 5,
 'downloader/response_bytes': 1502,
 'downloader/response_count': 5,
 'downloader/response_status_count/200': 1,
 'downloader/response_status_count/302': 2,
 'downloader/response_status_count/403': 2,
 'finish_reason': 'finished',
 'finish_time': datetime.datetime(2018, 10, 12, 9, 6, 31, 556000),
 'httperror/response_ignored_count': 1,
 'httperror/response_ignored_status_count/403': 1,
 'log_count/DEBUG': 6,
 'log_count/INFO': 8,
 'response_received_count': 3,
 'scheduler/dequeued': 2,
 'scheduler/dequeued/memory': 2,
 'scheduler/enqueued': 2,
 'scheduler/enqueued/memory': 2,
 'start_time': datetime.datetime(2018, 10, 12, 9, 6, 31, 38000)}
2018-10-12 17:06:31 [scrapy.core.engine] INFO: Spider closed (finished)
2018-10-12 17:06:39 [scrapy.utils.log] INFO: Scrapy 1.5.1 started (bot: doubanbook)
2018-10-12 17:06:39 [scrapy.utils.log] INFO: Versions: lxml 4.2.1.0, libxml2 2.9.8, cssselect 1.0.3, parsel 1.5.0, w3lib 1.19.0, Twisted 17.5.0, Python 2.7.15 |Anaconda, Inc.| (default, May  1 2018, 18:37:09) [MSC v.1500 64 bit (AMD64)], pyOpenSSL 18.0.0 (OpenSSL 1.0.2o  27 Mar 2018), cryptography 2.2.2, Platform Windows-7-6.1.7601-SP1
2018-10-12 17:06:39 [scrapy.crawler] INFO: Overridden settings: {'NEWSPIDER_MODULE': 'doubanbook.spiders', 'ROBOTSTXT_OBEY': True, 'SPIDER_MODULES': ['doubanbook.spiders'], 'LOG_FILE': 'doubanbook.log', 'BOT_NAME': 'doubanbook'}
2018-10-12 17:06:39 [scrapy.middleware] INFO: Enabled extensions:
['scrapy.extensions.logstats.LogStats',
 'scrapy.extensions.telnet.TelnetConsole',
 'scrapy.extensions.corestats.CoreStats']
2018-10-12 17:06:40 [scrapy.middleware] INFO: Enabled downloader middlewares:
['scrapy.downloadermiddlewares.robotstxt.RobotsTxtMiddleware',
 'scrapy.downloadermiddlewares.httpauth.HttpAuthMiddleware',
 'scrapy.downloadermiddlewares.downloadtimeout.DownloadTimeoutMiddleware',
 'scrapy.downloadermiddlewares.defaultheaders.DefaultHeadersMiddleware',
 'doubanbook.middlewares.MyUserAgentMiddleware',
 'scrapy.downloadermiddlewares.useragent.UserAgentMiddleware',
 'scrapy.downloadermiddlewares.retry.RetryMiddleware',
 'scrapy.downloadermiddlewares.redirect.MetaRefreshMiddleware',
 'scrapy.downloadermiddlewares.httpcompression.HttpCompressionMiddleware',
 'scrapy.downloadermiddlewares.redirect.RedirectMiddleware',
 'scrapy.downloadermiddlewares.cookies.CookiesMiddleware',
 'scrapy.downloadermiddlewares.httpproxy.HttpProxyMiddleware',
 'scrapy.downloadermiddlewares.stats.DownloaderStats']
2018-10-12 17:06:40 [scrapy.middleware] INFO: Enabled spider middlewares:
['scrapy.spidermiddlewares.httperror.HttpErrorMiddleware',
 'scrapy.spidermiddlewares.offsite.OffsiteMiddleware',
 'scrapy.spidermiddlewares.referer.RefererMiddleware',
 'scrapy.spidermiddlewares.urllength.UrlLengthMiddleware',
 'scrapy.spidermiddlewares.depth.DepthMiddleware']
2018-10-12 17:06:40 [scrapy.middleware] INFO: Enabled item pipelines:
['doubanbook.pipelines.DoubanbookPipeline']
2018-10-12 17:06:40 [scrapy.core.engine] INFO: Spider opened
2018-10-12 17:06:40 [scrapy.extensions.logstats] INFO: Crawled 0 pages (at 0 pages/min), scraped 0 items (at 0 items/min)
2018-10-12 17:06:40 [scrapy.extensions.telnet] DEBUG: Telnet console listening on 127.0.0.1:6023
2018-10-12 17:06:40 [scrapy.downloadermiddlewares.redirect] DEBUG: Redirecting (302) to <GET https://sec.douban.com/b?r=https%3A%2F%2Fread.douban.com%2Frobots.txt> from <GET https://read.douban.com/robots.txt>
2018-10-12 17:06:40 [scrapy.core.engine] DEBUG: Crawled (403) <GET https://sec.douban.com/b?r=https%3A%2F%2Fread.douban.com%2Frobots.txt> (referer: None)
2018-10-12 17:06:40 [scrapy.downloadermiddlewares.redirect] DEBUG: Redirecting (302) to <GET https://sec.douban.com/b?r=https%3A%2F%2Fread.douban.com%2Fkind%2F1%3Fstart%3D0> from <GET https://read.douban.com/kind/1?start=0>
2018-10-12 17:06:40 [scrapy.core.engine] DEBUG: Crawled (200) <GET https://sec.douban.com/robots.txt> (referer: None)
2018-10-12 17:06:40 [scrapy.core.engine] DEBUG: Crawled (403) <GET https://sec.douban.com/b?r=https%3A%2F%2Fread.douban.com%2Fkind%2F1%3Fstart%3D0> (referer: None)
2018-10-12 17:06:40 [scrapy.spidermiddlewares.httperror] INFO: Ignoring response <403 https://sec.douban.com/b?r=https%3A%2F%2Fread.douban.com%2Fkind%2F1%3Fstart%3D0>: HTTP status code is not handled or not allowed
2018-10-12 17:06:40 [scrapy.core.engine] INFO: Closing spider (finished)
2018-10-12 17:06:40 [scrapy.statscollectors] INFO: Dumping Scrapy stats:
{'downloader/request_bytes': 1525,
 'downloader/request_count': 5,
 'downloader/request_method_count/GET': 5,
 'downloader/response_bytes': 1502,
 'downloader/response_count': 5,
 'downloader/response_status_count/200': 1,
 'downloader/response_status_count/302': 2,
 'downloader/response_status_count/403': 2,
 'finish_reason': 'finished',
 'finish_time': datetime.datetime(2018, 10, 12, 9, 6, 40, 632000),
 'httperror/response_ignored_count': 1,
 'httperror/response_ignored_status_count/403': 1,
 'log_count/DEBUG': 6,
 'log_count/INFO': 8,
 'response_received_count': 3,
 'scheduler/dequeued': 2,
 'scheduler/dequeued/memory': 2,
 'scheduler/enqueued': 2,
 'scheduler/enqueued/memory': 2,
 'start_time': datetime.datetime(2018, 10, 12, 9, 6, 40, 28000)}
2018-10-12 17:06:40 [scrapy.core.engine] INFO: Spider closed (finished)
2018-10-12 17:06:46 [scrapy.utils.log] INFO: Scrapy 1.5.1 started (bot: doubanbook)
2018-10-12 17:06:46 [scrapy.utils.log] INFO: Versions: lxml 4.2.1.0, libxml2 2.9.8, cssselect 1.0.3, parsel 1.5.0, w3lib 1.19.0, Twisted 17.5.0, Python 2.7.15 |Anaconda, Inc.| (default, May  1 2018, 18:37:09) [MSC v.1500 64 bit (AMD64)], pyOpenSSL 18.0.0 (OpenSSL 1.0.2o  27 Mar 2018), cryptography 2.2.2, Platform Windows-7-6.1.7601-SP1
2018-10-12 17:06:46 [scrapy.crawler] INFO: Overridden settings: {'NEWSPIDER_MODULE': 'doubanbook.spiders', 'ROBOTSTXT_OBEY': True, 'SPIDER_MODULES': ['doubanbook.spiders'], 'LOG_FILE': 'doubanbook.log', 'BOT_NAME': 'doubanbook'}
2018-10-12 17:06:46 [scrapy.middleware] INFO: Enabled extensions:
['scrapy.extensions.logstats.LogStats',
 'scrapy.extensions.telnet.TelnetConsole',
 'scrapy.extensions.corestats.CoreStats']
2018-10-12 17:06:46 [scrapy.middleware] INFO: Enabled downloader middlewares:
['scrapy.downloadermiddlewares.robotstxt.RobotsTxtMiddleware',
 'scrapy.downloadermiddlewares.httpauth.HttpAuthMiddleware',
 'scrapy.downloadermiddlewares.downloadtimeout.DownloadTimeoutMiddleware',
 'scrapy.downloadermiddlewares.defaultheaders.DefaultHeadersMiddleware',
 'doubanbook.middlewares.MyUserAgentMiddleware',
 'scrapy.downloadermiddlewares.useragent.UserAgentMiddleware',
 'scrapy.downloadermiddlewares.retry.RetryMiddleware',
 'scrapy.downloadermiddlewares.redirect.MetaRefreshMiddleware',
 'scrapy.downloadermiddlewares.httpcompression.HttpCompressionMiddleware',
 'scrapy.downloadermiddlewares.redirect.RedirectMiddleware',
 'scrapy.downloadermiddlewares.cookies.CookiesMiddleware',
 'scrapy.downloadermiddlewares.httpproxy.HttpProxyMiddleware',
 'scrapy.downloadermiddlewares.stats.DownloaderStats']
2018-10-12 17:06:46 [scrapy.middleware] INFO: Enabled spider middlewares:
['scrapy.spidermiddlewares.httperror.HttpErrorMiddleware',
 'scrapy.spidermiddlewares.offsite.OffsiteMiddleware',
 'scrapy.spidermiddlewares.referer.RefererMiddleware',
 'scrapy.spidermiddlewares.urllength.UrlLengthMiddleware',
 'scrapy.spidermiddlewares.depth.DepthMiddleware']
2018-10-12 17:06:46 [scrapy.middleware] INFO: Enabled item pipelines:
['doubanbook.pipelines.DoubanbookPipeline']
2018-10-12 17:06:46 [scrapy.core.engine] INFO: Spider opened
2018-10-12 17:06:46 [scrapy.extensions.logstats] INFO: Crawled 0 pages (at 0 pages/min), scraped 0 items (at 0 items/min)
2018-10-12 17:06:46 [scrapy.extensions.telnet] DEBUG: Telnet console listening on 127.0.0.1:6023
2018-10-12 17:06:47 [scrapy.downloadermiddlewares.redirect] DEBUG: Redirecting (302) to <GET https://sec.douban.com/b?r=https%3A%2F%2Fread.douban.com%2Frobots.txt> from <GET https://read.douban.com/robots.txt>
2018-10-12 17:06:47 [scrapy.core.engine] DEBUG: Crawled (403) <GET https://sec.douban.com/b?r=https%3A%2F%2Fread.douban.com%2Frobots.txt> (referer: None)
2018-10-12 17:06:47 [scrapy.downloadermiddlewares.redirect] DEBUG: Redirecting (302) to <GET https://sec.douban.com/b?r=https%3A%2F%2Fread.douban.com%2Fkind%2F1%3Fstart%3D0> from <GET https://read.douban.com/kind/1?start=0>
2018-10-12 17:06:47 [scrapy.core.engine] DEBUG: Crawled (200) <GET https://sec.douban.com/robots.txt> (referer: None)
2018-10-12 17:06:47 [scrapy.core.engine] DEBUG: Crawled (403) <GET https://sec.douban.com/b?r=https%3A%2F%2Fread.douban.com%2Fkind%2F1%3Fstart%3D0> (referer: None)
2018-10-12 17:06:47 [scrapy.spidermiddlewares.httperror] INFO: Ignoring response <403 https://sec.douban.com/b?r=https%3A%2F%2Fread.douban.com%2Fkind%2F1%3Fstart%3D0>: HTTP status code is not handled or not allowed
2018-10-12 17:06:47 [scrapy.core.engine] INFO: Closing spider (finished)
2018-10-12 17:06:47 [scrapy.statscollectors] INFO: Dumping Scrapy stats:
{'downloader/request_bytes': 1572,
 'downloader/request_count': 5,
 'downloader/request_method_count/GET': 5,
 'downloader/response_bytes': 1502,
 'downloader/response_count': 5,
 'downloader/response_status_count/200': 1,
 'downloader/response_status_count/302': 2,
 'downloader/response_status_count/403': 2,
 'finish_reason': 'finished',
 'finish_time': datetime.datetime(2018, 10, 12, 9, 6, 47, 534000),
 'httperror/response_ignored_count': 1,
 'httperror/response_ignored_status_count/403': 1,
 'log_count/DEBUG': 6,
 'log_count/INFO': 8,
 'response_received_count': 3,
 'scheduler/dequeued': 2,
 'scheduler/dequeued/memory': 2,
 'scheduler/enqueued': 2,
 'scheduler/enqueued/memory': 2,
 'start_time': datetime.datetime(2018, 10, 12, 9, 6, 46, 962000)}
2018-10-12 17:06:47 [scrapy.core.engine] INFO: Spider closed (finished)
2018-10-12 17:06:52 [scrapy.utils.log] INFO: Scrapy 1.5.1 started (bot: doubanbook)
2018-10-12 17:06:52 [scrapy.utils.log] INFO: Versions: lxml 4.2.1.0, libxml2 2.9.8, cssselect 1.0.3, parsel 1.5.0, w3lib 1.19.0, Twisted 17.5.0, Python 2.7.15 |Anaconda, Inc.| (default, May  1 2018, 18:37:09) [MSC v.1500 64 bit (AMD64)], pyOpenSSL 18.0.0 (OpenSSL 1.0.2o  27 Mar 2018), cryptography 2.2.2, Platform Windows-7-6.1.7601-SP1
2018-10-12 17:06:52 [scrapy.crawler] INFO: Overridden settings: {'NEWSPIDER_MODULE': 'doubanbook.spiders', 'ROBOTSTXT_OBEY': True, 'SPIDER_MODULES': ['doubanbook.spiders'], 'LOG_FILE': 'doubanbook.log', 'BOT_NAME': 'doubanbook'}
2018-10-12 17:06:52 [scrapy.middleware] INFO: Enabled extensions:
['scrapy.extensions.logstats.LogStats',
 'scrapy.extensions.telnet.TelnetConsole',
 'scrapy.extensions.corestats.CoreStats']
2018-10-12 17:06:52 [scrapy.middleware] INFO: Enabled downloader middlewares:
['scrapy.downloadermiddlewares.robotstxt.RobotsTxtMiddleware',
 'scrapy.downloadermiddlewares.httpauth.HttpAuthMiddleware',
 'scrapy.downloadermiddlewares.downloadtimeout.DownloadTimeoutMiddleware',
 'scrapy.downloadermiddlewares.defaultheaders.DefaultHeadersMiddleware',
 'doubanbook.middlewares.MyUserAgentMiddleware',
 'scrapy.downloadermiddlewares.useragent.UserAgentMiddleware',
 'scrapy.downloadermiddlewares.retry.RetryMiddleware',
 'scrapy.downloadermiddlewares.redirect.MetaRefreshMiddleware',
 'scrapy.downloadermiddlewares.httpcompression.HttpCompressionMiddleware',
 'scrapy.downloadermiddlewares.redirect.RedirectMiddleware',
 'scrapy.downloadermiddlewares.cookies.CookiesMiddleware',
 'scrapy.downloadermiddlewares.httpproxy.HttpProxyMiddleware',
 'scrapy.downloadermiddlewares.stats.DownloaderStats']
2018-10-12 17:06:52 [scrapy.middleware] INFO: Enabled spider middlewares:
['scrapy.spidermiddlewares.httperror.HttpErrorMiddleware',
 'scrapy.spidermiddlewares.offsite.OffsiteMiddleware',
 'scrapy.spidermiddlewares.referer.RefererMiddleware',
 'scrapy.spidermiddlewares.urllength.UrlLengthMiddleware',
 'scrapy.spidermiddlewares.depth.DepthMiddleware']
2018-10-12 17:06:52 [scrapy.middleware] INFO: Enabled item pipelines:
['doubanbook.pipelines.DoubanbookPipeline']
2018-10-12 17:06:52 [scrapy.core.engine] INFO: Spider opened
2018-10-12 17:06:52 [scrapy.extensions.logstats] INFO: Crawled 0 pages (at 0 pages/min), scraped 0 items (at 0 items/min)
2018-10-12 17:06:52 [scrapy.extensions.telnet] DEBUG: Telnet console listening on 127.0.0.1:6023
2018-10-12 17:06:52 [scrapy.downloadermiddlewares.redirect] DEBUG: Redirecting (302) to <GET https://sec.douban.com/b?r=https%3A%2F%2Fread.douban.com%2Frobots.txt> from <GET https://read.douban.com/robots.txt>
2018-10-12 17:06:52 [scrapy.core.engine] DEBUG: Crawled (403) <GET https://sec.douban.com/b?r=https%3A%2F%2Fread.douban.com%2Frobots.txt> (referer: None)
2018-10-12 17:06:52 [scrapy.downloadermiddlewares.redirect] DEBUG: Redirecting (302) to <GET https://sec.douban.com/b?r=https%3A%2F%2Fread.douban.com%2Fkind%2F1%3Fstart%3D0> from <GET https://read.douban.com/kind/1?start=0>
2018-10-12 17:06:52 [scrapy.core.engine] DEBUG: Crawled (200) <GET https://sec.douban.com/robots.txt> (referer: None)
2018-10-12 17:06:52 [scrapy.core.engine] DEBUG: Crawled (403) <GET https://sec.douban.com/b?r=https%3A%2F%2Fread.douban.com%2Fkind%2F1%3Fstart%3D0> (referer: None)
2018-10-12 17:06:53 [scrapy.spidermiddlewares.httperror] INFO: Ignoring response <403 https://sec.douban.com/b?r=https%3A%2F%2Fread.douban.com%2Fkind%2F1%3Fstart%3D0>: HTTP status code is not handled or not allowed
2018-10-12 17:06:53 [scrapy.core.engine] INFO: Closing spider (finished)
2018-10-12 17:06:53 [scrapy.statscollectors] INFO: Dumping Scrapy stats:
{'downloader/request_bytes': 1626,
 'downloader/request_count': 5,
 'downloader/request_method_count/GET': 5,
 'downloader/response_bytes': 1502,
 'downloader/response_count': 5,
 'downloader/response_status_count/200': 1,
 'downloader/response_status_count/302': 2,
 'downloader/response_status_count/403': 2,
 'finish_reason': 'finished',
 'finish_time': datetime.datetime(2018, 10, 12, 9, 6, 53, 64000),
 'httperror/response_ignored_count': 1,
 'httperror/response_ignored_status_count/403': 1,
 'log_count/DEBUG': 6,
 'log_count/INFO': 8,
 'response_received_count': 3,
 'scheduler/dequeued': 2,
 'scheduler/dequeued/memory': 2,
 'scheduler/enqueued': 2,
 'scheduler/enqueued/memory': 2,
 'start_time': datetime.datetime(2018, 10, 12, 9, 6, 52, 536000)}
2018-10-12 17:06:53 [scrapy.core.engine] INFO: Spider closed (finished)
